  0%|          | 0/39 [00:00<?, ?it/s]100%|██████████| 39/39 [00:00<00:00, 574.82it/s]2023-11-08 08:09:48,540 - SRR ids: ['/cellar/users/aklie/data/datasets/Augsornworawat2023_sc-islet_10X-Multiome/fastq/07Nov23/SRP366403/SRX14642908/SRR18511729.sra']
2023-11-08 08:09:48,540 - extra args: ['--split-files', '--gzip']
2023-11-08 08:09:48,543 - tempdir: /cellar/users/aklie/tmp/fastq-dump/pfd_glyzdf42
2023-11-08 08:09:48,544 - CMD: sra-stat --meta --quick /cellar/users/aklie/data/datasets/Augsornworawat2023_sc-islet_10X-Multiome/fastq/07Nov23/SRP366403/SRX14642908/SRR18511729.sra
2023-11-08 08:09:48,739 - /cellar/users/aklie/data/datasets/Augsornworawat2023_sc-islet_10X-Multiome/fastq/07Nov23/SRP366403/SRX14642908/SRR18511729.sra spots: 609071041
2023-11-08 08:09:48,740 - blocks: [[1, 9516735], [9516736, 19033470], [19033471, 28550205], [28550206, 38066940], [38066941, 47583675], [47583676, 57100410], [57100411, 66617145], [66617146, 76133880], [76133881, 85650615], [85650616, 95167350], [95167351, 104684085], [104684086, 114200820], [114200821, 123717555], [123717556, 133234290], [133234291, 142751025], [142751026, 152267760], [152267761, 161784495], [161784496, 171301230], [171301231, 180817965], [180817966, 190334700], [190334701, 199851435], [199851436, 209368170], [209368171, 218884905], [218884906, 228401640], [228401641, 237918375], [237918376, 247435110], [247435111, 256951845], [256951846, 266468580], [266468581, 275985315], [275985316, 285502050], [285502051, 295018785], [295018786, 304535520], [304535521, 314052255], [314052256, 323568990], [323568991, 333085725], [333085726, 342602460], [342602461, 352119195], [352119196, 361635930], [361635931, 371152665], [371152666, 380669400], [380669401, 390186135], [390186136, 399702870], [399702871, 409219605], [409219606, 418736340], [418736341, 428253075], [428253076, 437769810], [437769811, 447286545], [447286546, 456803280], [456803281, 466320015], [466320016, 475836750], [475836751, 485353485], [485353486, 494870220], [494870221, 504386955], [504386956, 513903690], [513903691, 523420425], [523420426, 532937160], [532937161, 542453895], [542453896, 551970630], [551970631, 561487365], [561487366, 571004100], [571004101, 580520835], [580520836, 590037570], [590037571, 599554305], [599554306, 609071041]]
2023-11-08 08:09:48,742 - CMD: fastq-dump -N 1 -X 9516735 -O /cellar/users/aklie/tmp/fastq-dump/pfd_glyzdf42/0 --split-files --gzip /cellar/users/aklie/data/datasets/Augsornworawat2023_sc-islet_10X-Multiome/fastq/07Nov23/SRP366403/SRX14642908/SRR18511729.sra
2023-11-08 08:09:48,766 - CMD: fastq-dump -N 9516736 -X 19033470 -O /cellar/users/aklie/tmp/fastq-dump/pfd_glyzdf42/1 --split-files --gzip /cellar/users/aklie/data/datasets/Augsornworawat2023_sc-islet_10X-Multiome/fastq/07Nov23/SRP366403/SRX14642908/SRR18511729.sra
2023-11-08 08:09:48,788 - CMD: fastq-dump -N 19033471 -X 28550205 -O /cellar/users/aklie/tmp/fastq-dump/pfd_glyzdf42/2 --split-files --gzip /cellar/users/aklie/data/datasets/Augsornworawat2023_sc-islet_10X-Multiome/fastq/07Nov23/SRP366403/SRX14642908/SRR18511729.sra
2023-11-08 08:09:48,807 - CMD: fastq-dump -N 28550206 -X 38066940 -O /cellar/users/aklie/tmp/fastq-dump/pfd_glyzdf42/3 --split-files --gzip /cellar/users/aklie/data/datasets/Augsornworawat2023_sc-islet_10X-Multiome/fastq/07Nov23/SRP366403/SRX14642908/SRR18511729.sra
2023-11-08 08:09:48,826 - CMD: fastq-dump -N 38066941 -X 47583675 -O /cellar/users/aklie/tmp/fastq-dump/pfd_glyzdf42/4 --split-files --gzip /cellar/users/aklie/data/datasets/Augsornworawat2023_sc-islet_10X-Multiome/fastq/07Nov23/SRP366403/SRX14642908/SRR18511729.sra
2023-11-08 08:09:48,846 - CMD: fastq-dump -N 47583676 -X 57100410 -O /cellar/users/aklie/tmp/fastq-dump/pfd_glyzdf42/5 --split-files --gzip /cellar/users/aklie/data/datasets/Augsornworawat2023_sc-islet_10X-Multiome/fastq/07Nov23/SRP366403/SRX14642908/SRR18511729.sra
2023-11-08 08:09:48,868 - CMD: fastq-dump -N 57100411 -X 66617145 -O /cellar/users/aklie/tmp/fastq-dump/pfd_glyzdf42/6 --split-files --gzip /cellar/users/aklie/data/datasets/Augsornworawat2023_sc-islet_10X-Multiome/fastq/07Nov23/SRP366403/SRX14642908/SRR18511729.sra
2023-11-08 08:09:48,890 - CMD: fastq-dump -N 66617146 -X 76133880 -O /cellar/users/aklie/tmp/fastq-dump/pfd_glyzdf42/7 --split-files --gzip /cellar/users/aklie/data/datasets/Augsornworawat2023_sc-islet_10X-Multiome/fastq/07Nov23/SRP366403/SRX14642908/SRR18511729.sra
2023-11-08 08:09:48,914 - CMD: fastq-dump -N 76133881 -X 85650615 -O /cellar/users/aklie/tmp/fastq-dump/pfd_glyzdf42/8 --split-files --gzip /cellar/users/aklie/data/datasets/Augsornworawat2023_sc-islet_10X-Multiome/fastq/07Nov23/SRP366403/SRX14642908/SRR18511729.sra
2023-11-08 08:09:48,936 - CMD: fastq-dump -N 85650616 -X 95167350 -O /cellar/users/aklie/tmp/fastq-dump/pfd_glyzdf42/9 --split-files --gzip /cellar/users/aklie/data/datasets/Augsornworawat2023_sc-islet_10X-Multiome/fastq/07Nov23/SRP366403/SRX14642908/SRR18511729.sra
2023-11-08 08:09:48,963 - CMD: fastq-dump -N 95167351 -X 104684085 -O /cellar/users/aklie/tmp/fastq-dump/pfd_glyzdf42/10 --split-files --gzip /cellar/users/aklie/data/datasets/Augsornworawat2023_sc-islet_10X-Multiome/fastq/07Nov23/SRP366403/SRX14642908/SRR18511729.sra
2023-11-08 08:09:48,983 - CMD: fastq-dump -N 104684086 -X 114200820 -O /cellar/users/aklie/tmp/fastq-dump/pfd_glyzdf42/11 --split-files --gzip /cellar/users/aklie/data/datasets/Augsornworawat2023_sc-islet_10X-Multiome/fastq/07Nov23/SRP366403/SRX14642908/SRR18511729.sra
2023-11-08 08:09:49,005 - CMD: fastq-dump -N 114200821 -X 123717555 -O /cellar/users/aklie/tmp/fastq-dump/pfd_glyzdf42/12 --split-files --gzip /cellar/users/aklie/data/datasets/Augsornworawat2023_sc-islet_10X-Multiome/fastq/07Nov23/SRP366403/SRX14642908/SRR18511729.sra
2023-11-08 08:09:49,026 - CMD: fastq-dump -N 123717556 -X 133234290 -O /cellar/users/aklie/tmp/fastq-dump/pfd_glyzdf42/13 --split-files --gzip /cellar/users/aklie/data/datasets/Augsornworawat2023_sc-islet_10X-Multiome/fastq/07Nov23/SRP366403/SRX14642908/SRR18511729.sra
2023-11-08 08:09:49,048 - CMD: fastq-dump -N 133234291 -X 142751025 -O /cellar/users/aklie/tmp/fastq-dump/pfd_glyzdf42/14 --split-files --gzip /cellar/users/aklie/data/datasets/Augsornworawat2023_sc-islet_10X-Multiome/fastq/07Nov23/SRP366403/SRX14642908/SRR18511729.sra
2023-11-08 08:09:49,073 - CMD: fastq-dump -N 142751026 -X 152267760 -O /cellar/users/aklie/tmp/fastq-dump/pfd_glyzdf42/15 --split-files --gzip /cellar/users/aklie/data/datasets/Augsornworawat2023_sc-islet_10X-Multiome/fastq/07Nov23/SRP366403/SRX14642908/SRR18511729.sra
2023-11-08 08:09:49,098 - CMD: fastq-dump -N 152267761 -X 161784495 -O /cellar/users/aklie/tmp/fastq-dump/pfd_glyzdf42/16 --split-files --gzip /cellar/users/aklie/data/datasets/Augsornworawat2023_sc-islet_10X-Multiome/fastq/07Nov23/SRP366403/SRX14642908/SRR18511729.sra
2023-11-08 08:09:49,121 - CMD: fastq-dump -N 161784496 -X 171301230 -O /cellar/users/aklie/tmp/fastq-dump/pfd_glyzdf42/17 --split-files --gzip /cellar/users/aklie/data/datasets/Augsornworawat2023_sc-islet_10X-Multiome/fastq/07Nov23/SRP366403/SRX14642908/SRR18511729.sra
2023-11-08 08:09:49,148 - CMD: fastq-dump -N 171301231 -X 180817965 -O /cellar/users/aklie/tmp/fastq-dump/pfd_glyzdf42/18 --split-files --gzip /cellar/users/aklie/data/datasets/Augsornworawat2023_sc-islet_10X-Multiome/fastq/07Nov23/SRP366403/SRX14642908/SRR18511729.sra
2023-11-08 08:09:49,176 - CMD: fastq-dump -N 180817966 -X 190334700 -O /cellar/users/aklie/tmp/fastq-dump/pfd_glyzdf42/19 --split-files --gzip /cellar/users/aklie/data/datasets/Augsornworawat2023_sc-islet_10X-Multiome/fastq/07Nov23/SRP366403/SRX14642908/SRR18511729.sra
2023-11-08 08:09:49,202 - CMD: fastq-dump -N 190334701 -X 199851435 -O /cellar/users/aklie/tmp/fastq-dump/pfd_glyzdf42/20 --split-files --gzip /cellar/users/aklie/data/datasets/Augsornworawat2023_sc-islet_10X-Multiome/fastq/07Nov23/SRP366403/SRX14642908/SRR18511729.sra
2023-11-08 08:09:49,226 - CMD: fastq-dump -N 199851436 -X 209368170 -O /cellar/users/aklie/tmp/fastq-dump/pfd_glyzdf42/21 --split-files --gzip /cellar/users/aklie/data/datasets/Augsornworawat2023_sc-islet_10X-Multiome/fastq/07Nov23/SRP366403/SRX14642908/SRR18511729.sra
2023-11-08 08:09:49,249 - CMD: fastq-dump -N 209368171 -X 218884905 -O /cellar/users/aklie/tmp/fastq-dump/pfd_glyzdf42/22 --split-files --gzip /cellar/users/aklie/data/datasets/Augsornworawat2023_sc-islet_10X-Multiome/fastq/07Nov23/SRP366403/SRX14642908/SRR18511729.sra
2023-11-08 08:09:49,272 - CMD: fastq-dump -N 218884906 -X 228401640 -O /cellar/users/aklie/tmp/fastq-dump/pfd_glyzdf42/23 --split-files --gzip /cellar/users/aklie/data/datasets/Augsornworawat2023_sc-islet_10X-Multiome/fastq/07Nov23/SRP366403/SRX14642908/SRR18511729.sra
2023-11-08 08:09:49,295 - CMD: fastq-dump -N 228401641 -X 237918375 -O /cellar/users/aklie/tmp/fastq-dump/pfd_glyzdf42/24 --split-files --gzip /cellar/users/aklie/data/datasets/Augsornworawat2023_sc-islet_10X-Multiome/fastq/07Nov23/SRP366403/SRX14642908/SRR18511729.sra
2023-11-08 08:09:49,318 - CMD: fastq-dump -N 237918376 -X 247435110 -O /cellar/users/aklie/tmp/fastq-dump/pfd_glyzdf42/25 --split-files --gzip /cellar/users/aklie/data/datasets/Augsornworawat2023_sc-islet_10X-Multiome/fastq/07Nov23/SRP366403/SRX14642908/SRR18511729.sra
2023-11-08 08:09:49,342 - CMD: fastq-dump -N 247435111 -X 256951845 -O /cellar/users/aklie/tmp/fastq-dump/pfd_glyzdf42/26 --split-files --gzip /cellar/users/aklie/data/datasets/Augsornworawat2023_sc-islet_10X-Multiome/fastq/07Nov23/SRP366403/SRX14642908/SRR18511729.sra
2023-11-08 08:09:49,365 - CMD: fastq-dump -N 256951846 -X 266468580 -O /cellar/users/aklie/tmp/fastq-dump/pfd_glyzdf42/27 --split-files --gzip /cellar/users/aklie/data/datasets/Augsornworawat2023_sc-islet_10X-Multiome/fastq/07Nov23/SRP366403/SRX14642908/SRR18511729.sra
2023-11-08 08:09:49,387 - CMD: fastq-dump -N 266468581 -X 275985315 -O /cellar/users/aklie/tmp/fastq-dump/pfd_glyzdf42/28 --split-files --gzip /cellar/users/aklie/data/datasets/Augsornworawat2023_sc-islet_10X-Multiome/fastq/07Nov23/SRP366403/SRX14642908/SRR18511729.sra
2023-11-08 08:09:49,412 - CMD: fastq-dump -N 275985316 -X 285502050 -O /cellar/users/aklie/tmp/fastq-dump/pfd_glyzdf42/29 --split-files --gzip /cellar/users/aklie/data/datasets/Augsornworawat2023_sc-islet_10X-Multiome/fastq/07Nov23/SRP366403/SRX14642908/SRR18511729.sra
2023-11-08 08:09:49,437 - CMD: fastq-dump -N 285502051 -X 295018785 -O /cellar/users/aklie/tmp/fastq-dump/pfd_glyzdf42/30 --split-files --gzip /cellar/users/aklie/data/datasets/Augsornworawat2023_sc-islet_10X-Multiome/fastq/07Nov23/SRP366403/SRX14642908/SRR18511729.sra
2023-11-08 08:09:49,463 - CMD: fastq-dump -N 295018786 -X 304535520 -O /cellar/users/aklie/tmp/fastq-dump/pfd_glyzdf42/31 --split-files --gzip /cellar/users/aklie/data/datasets/Augsornworawat2023_sc-islet_10X-Multiome/fastq/07Nov23/SRP366403/SRX14642908/SRR18511729.sra
2023-11-08 08:09:49,489 - CMD: fastq-dump -N 304535521 -X 314052255 -O /cellar/users/aklie/tmp/fastq-dump/pfd_glyzdf42/32 --split-files --gzip /cellar/users/aklie/data/datasets/Augsornworawat2023_sc-islet_10X-Multiome/fastq/07Nov23/SRP366403/SRX14642908/SRR18511729.sra
2023-11-08 08:09:49,513 - CMD: fastq-dump -N 314052256 -X 323568990 -O /cellar/users/aklie/tmp/fastq-dump/pfd_glyzdf42/33 --split-files --gzip /cellar/users/aklie/data/datasets/Augsornworawat2023_sc-islet_10X-Multiome/fastq/07Nov23/SRP366403/SRX14642908/SRR18511729.sra
2023-11-08 08:09:49,537 - CMD: fastq-dump -N 323568991 -X 333085725 -O /cellar/users/aklie/tmp/fastq-dump/pfd_glyzdf42/34 --split-files --gzip /cellar/users/aklie/data/datasets/Augsornworawat2023_sc-islet_10X-Multiome/fastq/07Nov23/SRP366403/SRX14642908/SRR18511729.sra
2023-11-08 08:09:49,558 - CMD: fastq-dump -N 333085726 -X 342602460 -O /cellar/users/aklie/tmp/fastq-dump/pfd_glyzdf42/35 --split-files --gzip /cellar/users/aklie/data/datasets/Augsornworawat2023_sc-islet_10X-Multiome/fastq/07Nov23/SRP366403/SRX14642908/SRR18511729.sra
2023-11-08 08:09:49,579 - CMD: fastq-dump -N 342602461 -X 352119195 -O /cellar/users/aklie/tmp/fastq-dump/pfd_glyzdf42/36 --split-files --gzip /cellar/users/aklie/data/datasets/Augsornworawat2023_sc-islet_10X-Multiome/fastq/07Nov23/SRP366403/SRX14642908/SRR18511729.sra
2023-11-08 08:09:49,601 - CMD: fastq-dump -N 352119196 -X 361635930 -O /cellar/users/aklie/tmp/fastq-dump/pfd_glyzdf42/37 --split-files --gzip /cellar/users/aklie/data/datasets/Augsornworawat2023_sc-islet_10X-Multiome/fastq/07Nov23/SRP366403/SRX14642908/SRR18511729.sra
2023-11-08 08:09:49,622 - CMD: fastq-dump -N 361635931 -X 371152665 -O /cellar/users/aklie/tmp/fastq-dump/pfd_glyzdf42/38 --split-files --gzip /cellar/users/aklie/data/datasets/Augsornworawat2023_sc-islet_10X-Multiome/fastq/07Nov23/SRP366403/SRX14642908/SRR18511729.sra
2023-11-08 08:09:49,646 - CMD: fastq-dump -N 371152666 -X 380669400 -O /cellar/users/aklie/tmp/fastq-dump/pfd_glyzdf42/39 --split-files --gzip /cellar/users/aklie/data/datasets/Augsornworawat2023_sc-islet_10X-Multiome/fastq/07Nov23/SRP366403/SRX14642908/SRR18511729.sra
2023-11-08 08:09:49,669 - CMD: fastq-dump -N 380669401 -X 390186135 -O /cellar/users/aklie/tmp/fastq-dump/pfd_glyzdf42/40 --split-files --gzip /cellar/users/aklie/data/datasets/Augsornworawat2023_sc-islet_10X-Multiome/fastq/07Nov23/SRP366403/SRX14642908/SRR18511729.sra
2023-11-08 08:09:49,694 - CMD: fastq-dump -N 390186136 -X 399702870 -O /cellar/users/aklie/tmp/fastq-dump/pfd_glyzdf42/41 --split-files --gzip /cellar/users/aklie/data/datasets/Augsornworawat2023_sc-islet_10X-Multiome/fastq/07Nov23/SRP366403/SRX14642908/SRR18511729.sra
2023-11-08 08:09:49,714 - CMD: fastq-dump -N 399702871 -X 409219605 -O /cellar/users/aklie/tmp/fastq-dump/pfd_glyzdf42/42 --split-files --gzip /cellar/users/aklie/data/datasets/Augsornworawat2023_sc-islet_10X-Multiome/fastq/07Nov23/SRP366403/SRX14642908/SRR18511729.sra
2023-11-08 08:09:49,736 - CMD: fastq-dump -N 409219606 -X 418736340 -O /cellar/users/aklie/tmp/fastq-dump/pfd_glyzdf42/43 --split-files --gzip /cellar/users/aklie/data/datasets/Augsornworawat2023_sc-islet_10X-Multiome/fastq/07Nov23/SRP366403/SRX14642908/SRR18511729.sra
2023-11-08 08:09:49,760 - CMD: fastq-dump -N 418736341 -X 428253075 -O /cellar/users/aklie/tmp/fastq-dump/pfd_glyzdf42/44 --split-files --gzip /cellar/users/aklie/data/datasets/Augsornworawat2023_sc-islet_10X-Multiome/fastq/07Nov23/SRP366403/SRX14642908/SRR18511729.sra
2023-11-08 08:09:49,783 - CMD: fastq-dump -N 428253076 -X 437769810 -O /cellar/users/aklie/tmp/fastq-dump/pfd_glyzdf42/45 --split-files --gzip /cellar/users/aklie/data/datasets/Augsornworawat2023_sc-islet_10X-Multiome/fastq/07Nov23/SRP366403/SRX14642908/SRR18511729.sra
2023-11-08 08:09:49,805 - CMD: fastq-dump -N 437769811 -X 447286545 -O /cellar/users/aklie/tmp/fastq-dump/pfd_glyzdf42/46 --split-files --gzip /cellar/users/aklie/data/datasets/Augsornworawat2023_sc-islet_10X-Multiome/fastq/07Nov23/SRP366403/SRX14642908/SRR18511729.sra
2023-11-08 08:09:49,829 - CMD: fastq-dump -N 447286546 -X 456803280 -O /cellar/users/aklie/tmp/fastq-dump/pfd_glyzdf42/47 --split-files --gzip /cellar/users/aklie/data/datasets/Augsornworawat2023_sc-islet_10X-Multiome/fastq/07Nov23/SRP366403/SRX14642908/SRR18511729.sra
2023-11-08 08:09:49,857 - CMD: fastq-dump -N 456803281 -X 466320015 -O /cellar/users/aklie/tmp/fastq-dump/pfd_glyzdf42/48 --split-files --gzip /cellar/users/aklie/data/datasets/Augsornworawat2023_sc-islet_10X-Multiome/fastq/07Nov23/SRP366403/SRX14642908/SRR18511729.sra
2023-11-08 08:09:49,884 - CMD: fastq-dump -N 466320016 -X 475836750 -O /cellar/users/aklie/tmp/fastq-dump/pfd_glyzdf42/49 --split-files --gzip /cellar/users/aklie/data/datasets/Augsornworawat2023_sc-islet_10X-Multiome/fastq/07Nov23/SRP366403/SRX14642908/SRR18511729.sra
2023-11-08 08:09:49,916 - CMD: fastq-dump -N 475836751 -X 485353485 -O /cellar/users/aklie/tmp/fastq-dump/pfd_glyzdf42/50 --split-files --gzip /cellar/users/aklie/data/datasets/Augsornworawat2023_sc-islet_10X-Multiome/fastq/07Nov23/SRP366403/SRX14642908/SRR18511729.sra
2023-11-08 08:09:49,947 - CMD: fastq-dump -N 485353486 -X 494870220 -O /cellar/users/aklie/tmp/fastq-dump/pfd_glyzdf42/51 --split-files --gzip /cellar/users/aklie/data/datasets/Augsornworawat2023_sc-islet_10X-Multiome/fastq/07Nov23/SRP366403/SRX14642908/SRR18511729.sra
2023-11-08 08:09:49,978 - CMD: fastq-dump -N 494870221 -X 504386955 -O /cellar/users/aklie/tmp/fastq-dump/pfd_glyzdf42/52 --split-files --gzip /cellar/users/aklie/data/datasets/Augsornworawat2023_sc-islet_10X-Multiome/fastq/07Nov23/SRP366403/SRX14642908/SRR18511729.sra
2023-11-08 08:09:50,006 - CMD: fastq-dump -N 504386956 -X 513903690 -O /cellar/users/aklie/tmp/fastq-dump/pfd_glyzdf42/53 --split-files --gzip /cellar/users/aklie/data/datasets/Augsornworawat2023_sc-islet_10X-Multiome/fastq/07Nov23/SRP366403/SRX14642908/SRR18511729.sra
2023-11-08 08:09:50,033 - CMD: fastq-dump -N 513903691 -X 523420425 -O /cellar/users/aklie/tmp/fastq-dump/pfd_glyzdf42/54 --split-files --gzip /cellar/users/aklie/data/datasets/Augsornworawat2023_sc-islet_10X-Multiome/fastq/07Nov23/SRP366403/SRX14642908/SRR18511729.sra
2023-11-08 08:09:50,059 - CMD: fastq-dump -N 523420426 -X 532937160 -O /cellar/users/aklie/tmp/fastq-dump/pfd_glyzdf42/55 --split-files --gzip /cellar/users/aklie/data/datasets/Augsornworawat2023_sc-islet_10X-Multiome/fastq/07Nov23/SRP366403/SRX14642908/SRR18511729.sra
2023-11-08 08:09:50,085 - CMD: fastq-dump -N 532937161 -X 542453895 -O /cellar/users/aklie/tmp/fastq-dump/pfd_glyzdf42/56 --split-files --gzip /cellar/users/aklie/data/datasets/Augsornworawat2023_sc-islet_10X-Multiome/fastq/07Nov23/SRP366403/SRX14642908/SRR18511729.sra
2023-11-08 08:09:50,108 - CMD: fastq-dump -N 542453896 -X 551970630 -O /cellar/users/aklie/tmp/fastq-dump/pfd_glyzdf42/57 --split-files --gzip /cellar/users/aklie/data/datasets/Augsornworawat2023_sc-islet_10X-Multiome/fastq/07Nov23/SRP366403/SRX14642908/SRR18511729.sra
2023-11-08 08:09:50,135 - CMD: fastq-dump -N 551970631 -X 561487365 -O /cellar/users/aklie/tmp/fastq-dump/pfd_glyzdf42/58 --split-files --gzip /cellar/users/aklie/data/datasets/Augsornworawat2023_sc-islet_10X-Multiome/fastq/07Nov23/SRP366403/SRX14642908/SRR18511729.sra
2023-11-08 08:09:50,163 - CMD: fastq-dump -N 561487366 -X 571004100 -O /cellar/users/aklie/tmp/fastq-dump/pfd_glyzdf42/59 --split-files --gzip /cellar/users/aklie/data/datasets/Augsornworawat2023_sc-islet_10X-Multiome/fastq/07Nov23/SRP366403/SRX14642908/SRR18511729.sra
2023-11-08 08:09:50,187 - CMD: fastq-dump -N 571004101 -X 580520835 -O /cellar/users/aklie/tmp/fastq-dump/pfd_glyzdf42/60 --split-files --gzip /cellar/users/aklie/data/datasets/Augsornworawat2023_sc-islet_10X-Multiome/fastq/07Nov23/SRP366403/SRX14642908/SRR18511729.sra
2023-11-08 08:09:50,223 - CMD: fastq-dump -N 580520836 -X 590037570 -O /cellar/users/aklie/tmp/fastq-dump/pfd_glyzdf42/61 --split-files --gzip /cellar/users/aklie/data/datasets/Augsornworawat2023_sc-islet_10X-Multiome/fastq/07Nov23/SRP366403/SRX14642908/SRR18511729.sra
2023-11-08 08:09:50,251 - CMD: fastq-dump -N 590037571 -X 599554305 -O /cellar/users/aklie/tmp/fastq-dump/pfd_glyzdf42/62 --split-files --gzip /cellar/users/aklie/data/datasets/Augsornworawat2023_sc-islet_10X-Multiome/fastq/07Nov23/SRP366403/SRX14642908/SRR18511729.sra
2023-11-08 08:09:50,277 - CMD: fastq-dump -N 599554306 -X 609071041 -O /cellar/users/aklie/tmp/fastq-dump/pfd_glyzdf42/63 --split-files --gzip /cellar/users/aklie/data/datasets/Augsornworawat2023_sc-islet_10X-Multiome/fastq/07Nov23/SRP366403/SRX14642908/SRR18511729.sra
